[2023-08-04 13:31:10.769]: entering -- org.netbeans.installer.Installer.main():61
[2023-08-04 13:31:10.773]: initializing the installer engine
[2023-08-04 13:31:10.774]:     entering -- org.netbeans.installer.Installer.<init>():96
[2023-08-04 13:31:10.774]:     ... initializing ErrorHandler
[2023-08-04 13:31:10.776]:     ... end of ErrorHandler initialization
[2023-08-04 13:31:10.776]:     exiting -- org.netbeans.installer.Installer.<init>():96
[2023-08-04 13:31:10.776]:     entering -- org.netbeans.installer.Installer.<init>():97
[2023-08-04 13:31:10.777]:     dumping target system information
[2023-08-04 13:31:10.777]:         system properties:
[2023-08-04 13:31:10.778]:             file.encoding => UTF-8
[2023-08-04 13:31:10.779]:             file.separator => \
[2023-08-04 13:31:10.779]:             java.class.path => C:\Users\ASHUMI~1\AppData\Local\Temp\\NBI80793.tmp\bundle.jar
[2023-08-04 13:31:10.779]:             java.class.version => 64.0
[2023-08-04 13:31:10.779]:             java.home => C:\Program Files\Java\jdk-20
[2023-08-04 13:31:10.779]:             java.io.tmpdir => C:\Users\ASHUMI~1\AppData\Local\Temp\
[2023-08-04 13:31:10.779]:             java.library.path => C:\Program Files\Java\jdk-20\bin;C:\windows\Sun\Java\bin;C:\windows\system32;C:\windows;C:\Program Files\Common Files\Oracle\Java\javapath;C:\windows\system32;C:\windows;C:\windows\System32\Wbem;C:\windows\System32\WindowsPowerShell\v1.0\;C:\windows\System32\OpenSSH\;c;C:\MinGW\bin;C:\Program Files\Java\jdk-17.0.4\bin;C:\Program Files\nodejs\;C:\Program Files (x86)\Git\cmd;C:\Users\Ashu mishra\AppData\Local\Microsoft\WindowsApps;C:\Users\Ashu mishra\AppData\Local\Programs\Microsoft VS Code\bin;C:\Users\Ashu mishra\Downloads\mingw-w64-v10.0.0.zip\mingw-w64-v10.0.0;C:\Users\Ashu mishra\AppData\Roaming\npm;.
[2023-08-04 13:31:10.779]:             java.runtime.name => Java(TM) SE Runtime Environment
[2023-08-04 13:31:10.780]:             java.runtime.version => 20.0.2+9-78
[2023-08-04 13:31:10.780]:             java.specification.name => Java Platform API Specification
[2023-08-04 13:31:10.780]:             java.specification.vendor => Oracle Corporation
[2023-08-04 13:31:10.780]:             java.specification.version => 20
[2023-08-04 13:31:10.780]:             java.vendor => Oracle Corporation
[2023-08-04 13:31:10.780]:             java.vendor.url => https://java.oracle.com/
[2023-08-04 13:31:10.780]:             java.vendor.url.bug => https://bugreport.java.com/bugreport/
[2023-08-04 13:31:10.780]:             java.version => 20.0.2
[2023-08-04 13:31:10.781]:             java.version.date => 2023-07-18
[2023-08-04 13:31:10.781]:             java.vm.compressedOopsMode => 32-bit
[2023-08-04 13:31:10.781]:             java.vm.info => mixed mode, sharing
[2023-08-04 13:31:10.781]:             java.vm.name => Java HotSpot(TM) 64-Bit Server VM
[2023-08-04 13:31:10.781]:             java.vm.specification.name => Java Virtual Machine Specification
[2023-08-04 13:31:10.781]:             java.vm.specification.vendor => Oracle Corporation
[2023-08-04 13:31:10.781]:             java.vm.specification.version => 20
[2023-08-04 13:31:10.781]:             java.vm.vendor => Oracle Corporation
[2023-08-04 13:31:10.781]:             java.vm.version => 20.0.2+9-78
[2023-08-04 13:31:10.782]:             jdk.debug => release
[2023-08-04 13:31:10.782]:             line.separator => 
[2023-08-04 13:31:10.782]:             native.encoding => Cp1252
[2023-08-04 13:31:10.782]:             netbeans.default_cachedir_root => C:\Users\Ashu mishra\AppData\Local\NetBeans\Cache
[2023-08-04 13:31:10.782]:             netbeans.default_userdir_root => C:\Users\Ashu mishra\AppData\Roaming\NetBeans
[2023-08-04 13:31:10.782]:             os.arch => amd64
[2023-08-04 13:31:10.782]:             os.name => Windows 11
[2023-08-04 13:31:10.782]:             os.version => 10.0
[2023-08-04 13:31:10.782]:             path.separator => ;
[2023-08-04 13:31:10.782]:             stderr.encoding => Cp1252
[2023-08-04 13:31:10.782]:             stdout.encoding => Cp1252
[2023-08-04 13:31:10.783]:             sun.arch.data.model => 64
[2023-08-04 13:31:10.783]:             sun.boot.library.path => C:\Program Files\Java\jdk-20\bin
[2023-08-04 13:31:10.783]:             sun.cpu.endian => little
[2023-08-04 13:31:10.783]:             sun.cpu.isalist => amd64
[2023-08-04 13:31:10.783]:             sun.io.unicode.encoding => UnicodeLittle
[2023-08-04 13:31:10.783]:             sun.java.command => org.netbeans.installer.Installer
[2023-08-04 13:31:10.783]:             sun.java.launcher => SUN_STANDARD
[2023-08-04 13:31:10.783]:             sun.jnu.encoding => Cp1252
[2023-08-04 13:31:10.783]:             sun.management.compiler => HotSpot 64-Bit Tiered Compilers
[2023-08-04 13:31:10.783]:             sun.os.patch.level => 
[2023-08-04 13:31:10.784]:             user.country => IN
[2023-08-04 13:31:10.784]:             user.dir => C:\Users\Ashu mishra\Downloads
[2023-08-04 13:31:10.784]:             user.home => C:\Users\Ashu mishra
[2023-08-04 13:31:10.784]:             user.language => en
[2023-08-04 13:31:10.784]:             user.name => Ashu mishra
[2023-08-04 13:31:10.784]:             user.script => 
[2023-08-04 13:31:10.784]:             user.timezone => Asia/Calcutta
[2023-08-04 13:31:10.784]:             user.variant => 
[2023-08-04 13:31:10.784]:     ... end of target system information
[2023-08-04 13:31:10.785]:     exiting -- org.netbeans.installer.Installer.<init>():97
[2023-08-04 13:31:10.832]:     loading jni library
[2023-08-04 13:31:10.832]:         library resource path: native/jnilib/windows/windows-x64.dll
[2023-08-04 13:31:11.003]:         library file path: C:\Users\ASHUMI~1\AppData\Local\Temp\nbi-9512984919864716648.tmp
[2023-08-04 13:31:11.013]:         ... successfully loaded the library
[2023-08-04 13:31:11.016]:     entering -- org.netbeans.installer.Installer.<init>():102
[2023-08-04 13:31:11.016]:     parsing command-line arguments
[2023-08-04 13:31:11.018]:         ... no command line arguments were specified
[2023-08-04 13:31:11.018]:     ... finished parsing command line arguments
[2023-08-04 13:31:11.018]:     exiting -- org.netbeans.installer.Installer.<init>():102
[2023-08-04 13:31:11.018]:     entering -- org.netbeans.installer.Installer.<init>():103
[2023-08-04 13:31:11.018]:     loading engine properties
[2023-08-04 13:31:11.018]:         loading engine properties
[2023-08-04 13:31:11.022]:             loading nbi.wizard.ui.swing.frame.width.default => 600
[2023-08-04 13:31:11.022]:             loading nbi.wizard.ui.swing.frame.width.gtk => 704
[2023-08-04 13:31:11.022]:             loading nbi.wizard.ui.swing.frame.head.right.image => resource:org/netbeans/installer/wizard/wizard-description-background.png
[2023-08-04 13:31:11.022]:             loading nbi.wizard.ui.swing.frame.minimum.width.nimbus => 624
[2023-08-04 13:31:11.022]:             loading nbi.wizard.ui.swing.frame.minimum.height.win.xp => 450
[2023-08-04 13:31:11.022]:             loading nbi.wizard.ui.swing.frame.minimum.height.nimbus => 512
[2023-08-04 13:31:11.023]:             loading nbi.wizard.ui.swing.frame.title.prefix => Apache NetBeans IDE Installer
[2023-08-04 13:31:11.023]:             loading nbi.wizard.ui.swing.frame.width.nimbus => 624
[2023-08-04 13:31:11.023]:             loading nbi.wizard.ui.swing.frame.width.win.xp => 600
[2023-08-04 13:31:11.023]:             loading nbi.overall.license.jdk5.resource => org/netbeans/installer/product/components/netbeans-license-jdk5.txt
[2023-08-04 13:31:11.023]:             loading nbi.wizard.ui.swing.frame.minimum.height.win.classic => 442
[2023-08-04 13:31:11.023]:             loading nbi.overall.license.jtb.resource => org/netbeans/installer/product/components/netbeans-license-jtb.txt
[2023-08-04 13:31:11.023]:             loading nbi.wizard.ui.swing.frame.height.motif => 470
[2023-08-04 13:31:11.023]:             loading nbi.wizard.ui.swing.frame.minimum.width.default => 600
[2023-08-04 13:31:11.023]:             loading nbi.wizard.ui.swing.frame.height.aqua => 480
[2023-08-04 13:31:11.023]:             loading nbi.wizard.ui.swing.frame.minimum.width.win.xp => 600
[2023-08-04 13:31:11.023]:             loading nbi.overall.license.jdk6.resource => org/netbeans/installer/product/components/netbeans-license-jdk6.txt
[2023-08-04 13:31:11.023]:             loading nbi.wizard.ui.swing.frame.minimum.height.aqua => 480
[2023-08-04 13:31:11.024]:             loading nbi.wizard.ui.swing.frame.minimum.height.default => 500
[2023-08-04 13:31:11.024]:             loading nbi.overall.license.mysql.resource => org/netbeans/installer/product/components/netbeans-license-mysql.txt
[2023-08-04 13:31:11.024]:             loading nbi.product.suggest.install => true
[2023-08-04 13:31:11.024]:             loading nbi.wizard.ui.swing.frame.icon => resource:org/netbeans/installer/wizard/wizard-icon.png
[2023-08-04 13:31:11.024]:             loading nbi.wizard.ui.swing.frame.width.aqua => 640
[2023-08-04 13:31:11.024]:             loading nbi.wizard.ui.swing.frame.minimum.height.motif => 470
[2023-08-04 13:31:11.024]:             loading nbi.wizard.ui.swing.frame.minimum.height.gtk => 528
[2023-08-04 13:31:11.024]:             loading nbi.product.remove.corrupted.products.silently => true
[2023-08-04 13:31:11.024]:             loading nbi.wizard.ui.swing.frame.width.motif => 624
[2023-08-04 13:31:11.024]:             loading nbi.wizard.ui.swing.frame.minimum.width.win.classic => 588
[2023-08-04 13:31:11.024]:             loading nbi.wizard.ui.swing.welcome.left.bottom.image => resource:org/netbeans/installer/wizard/components/panels/netbeans/resources/welcome-left-bottom.png
[2023-08-04 13:31:11.024]:             loading nbi.macosx.application.directory.name => NetBeans IDE Installer
[2023-08-04 13:31:11.024]:             loading nbi.overall.license.resource => org/netbeans/installer/product/components/netbeans-license.txt
[2023-08-04 13:31:11.024]:             loading nbi.wizard.ui.swing.frame.height.gtk => 528
[2023-08-04 13:31:11.024]:             loading nbi.wizard.ui.swing.frame.minimum.width.metal => 624
[2023-08-04 13:31:11.025]:             loading nbi.wizard.ui.swing.frame.minimum.width.motif => 624
[2023-08-04 13:31:11.025]:             loading nbi.wizard.ui.swing.frame.height.metal => 470
[2023-08-04 13:31:11.025]:             loading nbi.wizard.ui.swing.frame.minimum.width.gtk => 704
[2023-08-04 13:31:11.025]:             loading nbi.junit.license.resource => org/netbeans/installer/product/components/junit-license.txt
[2023-08-04 13:31:11.025]:             loading nbi.wizard.ui.swing.frame.width.metal => 624
[2023-08-04 13:31:11.025]:             loading nbi.wizard.ui.swing.frame.height.default => 500
[2023-08-04 13:31:11.025]:             loading nbi.wizard.ui.swing.frame.height.win.classic => 442
[2023-08-04 13:31:11.025]:             loading nbi.wizard.ui.swing.frame.height.win.xp => 450
[2023-08-04 13:31:11.025]:             loading nbi.wizard.ui.swing.frame.height.nimbus => 512
[2023-08-04 13:31:11.025]:             loading nbi.overall.license.javafx.resource => org/netbeans/installer/product/components/netbeans-license-javafx.txt
[2023-08-04 13:31:11.025]:             loading nbi.wizard.ui.swing.frame.title.pattern => {0}
[2023-08-04 13:31:11.025]:             loading nbi.wizard.ui.swing.frame.width.win.classic => 588
[2023-08-04 13:31:11.025]:             loading nbi.wizard.ui.swing.frame.minimum.height.metal => 470
[2023-08-04 13:31:11.025]:             loading nbi.wizard.ui.swing.frame.minimum.width.aqua => 640
[2023-08-04 13:31:11.025]:     ... finished loading engine properties
[2023-08-04 13:31:11.025]:     exiting -- org.netbeans.installer.Installer.<init>():103
[2023-08-04 13:31:11.025]:     initializing the local directory
[2023-08-04 13:31:11.025]:         ... custom local directory was not specified, using the default
[2023-08-04 13:31:11.026]:         ... local directory: C:\Users\Ashu mishra\.nbi
[2023-08-04 13:31:11.026]:     ... finished initializing local directory
[2023-08-04 13:31:11.052]:     entering -- org.netbeans.installer.Installer.<init>():109
[2023-08-04 13:31:11.053]:     ... initializing DownloadManager
[2023-08-04 13:31:11.060]:         file not exist, queue is empty!
[2023-08-04 13:31:11.071]:     ... end of initializing DownloadManager
[2023-08-04 13:31:11.071]:     exiting -- org.netbeans.installer.Installer.<init>():109
[2023-08-04 13:31:11.071]:     entering -- org.netbeans.installer.Installer.<init>():110
[2023-08-04 13:31:11.071]:     ... initializing Registry
[2023-08-04 13:31:11.086]:     ... end of initializing ErrorHandler
[2023-08-04 13:31:11.086]:     exiting -- org.netbeans.installer.Installer.<init>():110
[2023-08-04 13:31:11.086]:     entering -- org.netbeans.installer.Installer.<init>():111
[2023-08-04 13:31:11.086]:     ... initializing Wizard
[2023-08-04 13:31:11.294]:         ... loading registry from resource:data/registry.xml
[2023-08-04 13:31:11.407]:         entering -- org.netbeans.installer.product.Registry.loadProductRegistry():982
[2023-08-04 13:31:11.408]:         validating previous installations
[2023-08-04 13:31:11.408]:         ... validating installations finished
[2023-08-04 13:31:11.409]:         exiting -- org.netbeans.installer.product.Registry.loadProductRegistry():982
[2023-08-04 13:31:11.423]:         Can`t load message in bundle org.netbeans.installer.wizard.components.panels.netbeans.Bundle for key NPrISP.installation.folders using [jdk.internal.loader.ClassLoaders$AppClassLoader@70dea4e] classloader
[2023-08-04 13:31:11.436]:     ... end of initializing Wizard
[2023-08-04 13:31:11.437]:     exiting -- org.netbeans.installer.Installer.<init>():111
[2023-08-04 13:31:11.437]:     creating lock file
[2023-08-04 13:31:11.437]:         ... lock file already exists at C:\Users\Ashu mishra\.nbi\.nbilock
[2023-08-04 13:31:11.437]:         ... to skip lock file check run installer with --ignore-lock argument
[2023-08-04 13:31:11.441]:         ... initializing look and feel
[2023-08-04 13:31:11.443]:             ... custom look and feel class name was not specified, using system default
[2023-08-04 13:31:11.518]:             ... class name: com.sun.java.swing.plaf.windows.WindowsLookAndFeel
[2023-08-04 13:31:11.518]:             ... get installed L&Fs
[2023-08-04 13:31:11.591]:             ... set specified L&F
[2023-08-04 13:31:11.628]:             ... check headless
[2023-08-04 13:31:11.628]:             ... creating JFileChooser object to check possible issues with UI
[2023-08-04 13:31:12.666]:             ... getting default Toolkit to check possible issues with UI
[2023-08-04 13:31:12.666]:             ... creating JProgressBar object to check possible issues with UI
[2023-08-04 13:31:12.671]:             ... all UI checks done
[2023-08-04 13:31:12.671]:             ... L&F is set
[2023-08-04 13:31:12.673]:         ... initializing L&F finished
[2023-08-04 13:31:12.674]:         ... showing Yes/No dialog
[2023-08-04 13:31:12.675]:             title: NetBeans Installer lock file exists
[2023-08-04 13:31:12.675]:             message: The installer lock file exists at C:\Users\Ashu mishra\.nbi\.nbilock
[2023-08-04 13:31:12.675]:             
[2023-08-04 13:31:12.675]:             It means that either another instance of the installer is already running or the previous installation was not finished correctly.
[2023-08-04 13:31:12.676]:             It is not recommended that you run multiple instances at the same time since it can result in installer data corruption.
[2023-08-04 13:31:12.676]:             
[2023-08-04 13:31:12.676]:             If you are sure that no other instance is running at the moment, click "Yes" to proceed otherwise click "No" to exit the installer.
[2023-08-04 13:31:23.458]:         ... dialog closed, choice : no
